Determining if the pthread_create exist failed with the following output:
Change Dir: /home/bryant/slambook2/ch13/build/CMakeFiles/CMakeTmp

Run Build Command:"/usr/bin/make" "cmTC_415ac/fast"
/usr/bin/make -f CMakeFiles/cmTC_415ac.dir/build.make CMakeFiles/cmTC_415ac.dir/build
make[1]: Entering directory '/home/bryant/slambook2/ch13/build/CMakeFiles/CMakeTmp'
Building C object CMakeFiles/cmTC_415ac.dir/CheckSymbolExists.c.o
/usr/bin/cc    -o CMakeFiles/cmTC_415ac.dir/CheckSymbolExists.c.o   -c /home/bryant/slambook2/ch13/build/CMakeFiles/CMakeTmp/CheckSymbolExists.c
Linking C executable cmTC_415ac
/usr/bin/cmake -E cmake_link_script CMakeFiles/cmTC_415ac.dir/link.txt --verbose=1
/usr/bin/cc      -rdynamic CMakeFiles/cmTC_415ac.dir/CheckSymbolExists.c.o  -o cmTC_415ac 
CMakeFiles/cmTC_415ac.dir/CheckSymbolExists.c.o: In function `main':
CheckSymbolExists.c:(.text+0x1b): undefined reference to `pthread_create'
collect2: error: ld returned 1 exit status
CMakeFiles/cmTC_415ac.dir/build.make:97: recipe for target 'cmTC_415ac' failed
make[1]: *** [cmTC_415ac] Error 1
make[1]: Leaving directory '/home/bryant/slambook2/ch13/build/CMakeFiles/CMakeTmp'
Makefile:126: recipe for target 'cmTC_415ac/fast' failed
make: *** [cmTC_415ac/fast] Error 2

File /home/bryant/slambook2/ch13/build/CMakeFiles/CMakeTmp/CheckSymbolExists.c:
/* */
#include <pthread.h>

int main(int argc, char** argv)
{
  (void)argv;
#ifndef pthread_create
  return ((int*)(&pthread_create))[argc];
#else
  (void)argc;
  return 0;
#endif
}

Determining if the function pthread_create exists in the pthreads failed with the following output:
Change Dir: /home/bryant/slambook2/ch13/build/CMakeFiles/CMakeTmp

Run Build Command:"/usr/bin/make" "cmTC_c30b3/fast"
/usr/bin/make -f CMakeFiles/cmTC_c30b3.dir/build.make CMakeFiles/cmTC_c30b3.dir/build
make[1]: Entering directory '/home/bryant/slambook2/ch13/build/CMakeFiles/CMakeTmp'
Building C object CMakeFiles/cmTC_c30b3.dir/CheckFunctionExists.c.o
/usr/bin/cc   -DCHECK_FUNCTION_EXISTS=pthread_create   -o CMakeFiles/cmTC_c30b3.dir/CheckFunctionExists.c.o   -c /usr/share/cmake-3.10/Modules/CheckFunctionExists.c
Linking C executable cmTC_c30b3
/usr/bin/cmake -E cmake_link_script CMakeFiles/cmTC_c30b3.dir/link.txt --verbose=1
/usr/bin/cc  -DCHECK_FUNCTION_EXISTS=pthread_create    -rdynamic CMakeFiles/cmTC_c30b3.dir/CheckFunctionExists.c.o  -o cmTC_c30b3 -lpthreads 
/usr/bin/ld: cannot find -lpthreads
collect2: error: ld returned 1 exit status
CMakeFiles/cmTC_c30b3.dir/build.make:97: recipe for target 'cmTC_c30b3' failed
make[1]: *** [cmTC_c30b3] Error 1
make[1]: Leaving directory '/home/bryant/slambook2/ch13/build/CMakeFiles/CMakeTmp'
Makefile:126: recipe for target 'cmTC_c30b3/fast' failed
make: *** [cmTC_c30b3/fast] Error 2


